<?xml version="1.0" encoding="UTF-8"?>
<!-- Generated by org.testng.reporters.JUnitReportReporter -->
<testsuite skipped="0" hostname="DESKTOP-HUBNUF3" name="testUI.CreateBranch" tests="1" failures="0" timestamp="11 Aug 2020 12:20:32 GMT" time="0.024" errors="0">
  <testcase name="createBranch" time="0.024" classname="testUI.CreateBranch"/>
</testsuite> <!-- testUI.CreateBranch -->
